<?xml version="1.0" encoding="UTF-8"?><testrun name="testRunner (2)" project="Assessment" tests="10" started="10" failures="0" errors="2" ignored="5">
  <testsuite name="org.jess.Assessment.testRunner" time="19.782">
    <testsuite name="Feature: Using OrangeHRM" time="19.782">
      <testsuite name="Scenario: Add an employee to the CRM" time="18.96" incomplete="true">
        <error>org.openqa.selenium.support.ui.UnexpectedTagNameException: Element should have been "select" but was "input"
Build info: version: '3.11.0', revision: 'e59cfb3', time: '2018-03-11T20:26:55.152Z'
System info: host: 'STUDENT18', ip: '192.168.56.1', os.name: 'Windows 10', os.arch: 'amd64', os.version: '10.0', java.version: '1.8.0_144'
Driver info: driver.version: unknown&#13;
	at org.openqa.selenium.support.ui.Select.&lt;init&gt;(Select.java:47)&#13;
	at org.jess.Assessment.LoggedInPage.addEmployee(LoggedInPage.java:41)&#13;
	at org.jess.Assessment.stepDefsAssess.i_fill_out_the_Add_Employee_Details_correctly(stepDefsAssess.java:77)&#13;
	at ✽.And I fill out the Add Employee Details correctly(org/jess/Assessment/assessment.feature:12)&#13;
&#13;
</error>
        <testcase name="Given the login page" classname="Scenario: Add an employee to the CRM" time="4.283"/>
        <testcase name="When I login" classname="Scenario: Add an employee to the CRM" time="0.117"/>
        <testcase name="And I click the PIM tab" classname="Scenario: Add an employee to the CRM" time="0.429"/>
        <testcase name="And then the Add Employee Tab" classname="Scenario: Add an employee to the CRM" time="14.072"/>
        <testcase name="And I fill out the Add Employee Details correctly" classname="Scenario: Add an employee to the CRM" time="0.058">
          <error>org.openqa.selenium.support.ui.UnexpectedTagNameException: Element should have been "select" but was "input"
Build info: version: '3.11.0', revision: 'e59cfb3', time: '2018-03-11T20:26:55.152Z'
System info: host: 'STUDENT18', ip: '192.168.56.1', os.name: 'Windows 10', os.arch: 'amd64', os.version: '10.0', java.version: '1.8.0_144'
Driver info: driver.version: unknown&#13;
	at org.openqa.selenium.support.ui.Select.&lt;init&gt;(Select.java:47)&#13;
	at org.jess.Assessment.LoggedInPage.addEmployee(LoggedInPage.java:41)&#13;
	at org.jess.Assessment.stepDefsAssess.i_fill_out_the_Add_Employee_Details_correctly(stepDefsAssess.java:77)&#13;
	at ✽.And I fill out the Add Employee Details correctly(org/jess/Assessment/assessment.feature:12)&#13;
&#13;
</error>
        </testcase>
        <testcase name="And I choose to create Login Details by clicking the appropriate button" classname="Scenario: Add an employee to the CRM" time="0.0" ignored="true"/>
        <testcase name="And I fill out the Login Details correctly" classname="Scenario: Add an employee to the CRM" time="0.0" ignored="true"/>
        <testcase name="And I click the Save button" classname="Scenario: Add an employee to the CRM" time="0.0" ignored="true"/>
        <testcase name="Then I can search for the Employee I have just created" classname="Scenario: Add an employee to the CRM" time="0.0" ignored="true"/>
        <testcase name="And select them for inspection" classname="Scenario: Add an employee to the CRM" time="0.811" ignored="true"/>
      </testsuite>
    </testsuite>
  </testsuite>
</testrun>
